2024-06-16T10:44:52.105+05:30  INFO 14876 --- [restartedMain] com.org.SpringBootNikhilApplication      : Starting SpringBootNikhilApplication using Java 17.0.2 with PID 14876 (E:\SpringBootApp\SpringBootNikhil\target\classes started by Anil in E:\SpringBootApp\SpringBootNikhil)
2024-06-16T10:44:52.106+05:30  INFO 14876 --- [restartedMain] com.org.SpringBootNikhilApplication      : No active profile set, falling back to 1 default profile: "default"
2024-06-16T10:44:52.302+05:30  INFO 14876 --- [restartedMain] .s.d.r.c.RepositoryConfigurationDelegate : Bootstrapping Spring Data JPA repositories in DEFAULT mode.
2024-06-16T10:44:52.311+05:30  INFO 14876 --- [restartedMain] .s.d.r.c.RepositoryConfigurationDelegate : Finished Spring Data repository scanning in 8 ms. Found 1 JPA repository interface.
2024-06-16T10:44:52.436+05:30  INFO 14876 --- [restartedMain] o.s.b.w.embedded.tomcat.TomcatWebServer  : Tomcat initialized with port 8081 (http)
2024-06-16T10:44:52.438+05:30  INFO 14876 --- [restartedMain] o.apache.catalina.core.StandardService   : Starting service [Tomcat]
2024-06-16T10:44:52.438+05:30  INFO 14876 --- [restartedMain] o.apache.catalina.core.StandardEngine    : Starting Servlet engine: [Apache Tomcat/10.1.16]
2024-06-16T10:44:52.464+05:30  INFO 14876 --- [restartedMain] o.a.c.c.C.[Tomcat].[localhost].[/]       : Initializing Spring embedded WebApplicationContext
2024-06-16T10:44:52.464+05:30  INFO 14876 --- [restartedMain] w.s.c.ServletWebServerApplicationContext : Root WebApplicationContext: initialization completed in 353 ms
2024-06-16T10:44:52.503+05:30  INFO 14876 --- [restartedMain] o.hibernate.jpa.internal.util.LogHelper  : HHH000204: Processing PersistenceUnitInfo [name: default]
2024-06-16T10:44:52.506+05:30  INFO 14876 --- [restartedMain] o.h.c.internal.RegionFactoryInitiator    : HHH000026: Second-level cache disabled
2024-06-16T10:44:52.512+05:30  INFO 14876 --- [restartedMain] o.s.o.j.p.SpringPersistenceUnitInfo      : No LoadTimeWeaver setup: ignoring JPA class transformer
2024-06-16T10:44:52.513+05:30  INFO 14876 --- [restartedMain] com.zaxxer.hikari.HikariDataSource       : HikariPool-2 - Starting...
2024-06-16T10:44:52.532+05:30  INFO 14876 --- [restartedMain] com.zaxxer.hikari.pool.HikariPool        : HikariPool-2 - Added connection com.mysql.cj.jdbc.ConnectionImpl@5a6a2cea
2024-06-16T10:44:52.533+05:30  INFO 14876 --- [restartedMain] com.zaxxer.hikari.HikariDataSource       : HikariPool-2 - Start completed.
2024-06-16T10:44:52.535+05:30  WARN 14876 --- [restartedMain] org.hibernate.orm.deprecation            : HHH90000025: MySQLDialect does not need to be specified explicitly using 'hibernate.dialect' (remove the property setting and it will be selected by default)
2024-06-16T10:44:52.569+05:30  INFO 14876 --- [restartedMain] o.h.e.t.j.p.i.JtaPlatformInitiator       : HHH000489: No JTA platform available (set 'hibernate.transaction.jta.platform' to enable JTA platform integration)
2024-06-16T10:44:52.579+05:30  INFO 14876 --- [restartedMain] j.LocalContainerEntityManagerFactoryBean : Initialized JPA EntityManagerFactory for persistence unit 'default'
2024-06-16T10:44:52.656+05:30  WARN 14876 --- [restartedMain] JpaBaseConfiguration$JpaWebConfiguration : spring.jpa.open-in-view is enabled by default. Therefore, database queries may be performed during view rendering. Explicitly configure spring.jpa.open-in-view to disable this warning
2024-06-16T10:44:52.684+05:30 DEBUG 14876 --- [restartedMain] s.w.s.m.m.a.RequestMappingHandlerMapping : 7 mappings in 'requestMappingHandlerMapping'
2024-06-16T10:44:52.728+05:30 DEBUG 14876 --- [restartedMain] o.s.w.s.handler.SimpleUrlHandlerMapping  : Patterns [/webjars/**, /**] in 'resourceHandlerMapping'
2024-06-16T10:44:52.745+05:30 DEBUG 14876 --- [restartedMain] s.w.s.m.m.a.RequestMappingHandlerAdapter : ControllerAdvice beans: 0 @ModelAttribute, 0 @InitBinder, 1 RequestBodyAdvice, 1 ResponseBodyAdvice
2024-06-16T10:44:52.752+05:30 DEBUG 14876 --- [restartedMain] .m.m.a.ExceptionHandlerExceptionResolver : ControllerAdvice beans: 0 @ExceptionHandler, 1 ResponseBodyAdvice
2024-06-16T10:44:52.760+05:30  WARN 14876 --- [restartedMain] ion$DefaultTemplateResolverConfiguration : Cannot find template location: classpath:/templates/ (please add some templates, check your Thymeleaf configuration, or set spring.thymeleaf.check-template-location=false)
2024-06-16T10:44:52.819+05:30  INFO 14876 --- [restartedMain] o.s.b.d.a.OptionalLiveReloadServer       : LiveReload server is running on port 35729
2024-06-16T10:44:52.836+05:30  INFO 14876 --- [restartedMain] o.s.b.w.embedded.tomcat.TomcatWebServer  : Tomcat started on port 8081 (http) with context path ''
2024-06-16T10:44:52.841+05:30  INFO 14876 --- [restartedMain] com.org.SpringBootNikhilApplication      : Started SpringBootNikhilApplication in 0.789 seconds (process running for 55.167)
2024-06-16T10:44:52.844+05:30  INFO 14876 --- [restartedMain] .ConditionEvaluationDeltaLoggingListener : Condition evaluation unchanged
2024-06-16T10:45:01.331+05:30  INFO 14876 --- [RMI TCP Connection(3)-127.0.0.1] inMXBeanRegistrar$SpringApplicationAdmin : Application shutdown requested.
2024-06-16T10:45:01.347+05:30  INFO 14876 --- [RMI TCP Connection(3)-127.0.0.1] j.LocalContainerEntityManagerFactoryBean : Closing JPA EntityManagerFactory for persistence unit 'default'
2024-06-16T10:45:01.348+05:30  INFO 14876 --- [RMI TCP Connection(3)-127.0.0.1] com.zaxxer.hikari.HikariDataSource       : HikariPool-2 - Shutdown initiated...
2024-06-16T10:45:01.353+05:30  INFO 14876 --- [RMI TCP Connection(3)-127.0.0.1] com.zaxxer.hikari.HikariDataSource       : HikariPool-2 - Shutdown completed.
2024-06-16T10:45:12.859+05:30  INFO 10056 --- [restartedMain] com.org.SpringBootNikhilApplication      : Starting SpringBootNikhilApplication using Java 17.0.2 with PID 10056 (E:\SpringBootApp\SpringBootNikhil\target\classes started by Anil in E:\SpringBootApp\SpringBootNikhil)
2024-06-16T10:45:12.862+05:30  INFO 10056 --- [restartedMain] com.org.SpringBootNikhilApplication      : No active profile set, falling back to 1 default profile: "default"
2024-06-16T10:45:12.922+05:30  INFO 10056 --- [restartedMain] .e.DevToolsPropertyDefaultsPostProcessor : Devtools property defaults active! Set 'spring.devtools.add-properties' to 'false' to disable
2024-06-16T10:45:12.923+05:30  INFO 10056 --- [restartedMain] .e.DevToolsPropertyDefaultsPostProcessor : For additional web related logging consider setting the 'logging.level.web' property to 'DEBUG'
2024-06-16T10:45:13.657+05:30  INFO 10056 --- [restartedMain] .s.d.r.c.RepositoryConfigurationDelegate : Bootstrapping Spring Data JPA repositories in DEFAULT mode.
2024-06-16T10:45:13.712+05:30  INFO 10056 --- [restartedMain] .s.d.r.c.RepositoryConfigurationDelegate : Finished Spring Data repository scanning in 47 ms. Found 1 JPA repository interface.
2024-06-16T10:45:14.349+05:30  INFO 10056 --- [restartedMain] o.s.b.w.embedded.tomcat.TomcatWebServer  : Tomcat initialized with port 8081 (http)
2024-06-16T10:45:14.358+05:30  INFO 10056 --- [restartedMain] o.apache.catalina.core.StandardService   : Starting service [Tomcat]
2024-06-16T10:45:14.359+05:30  INFO 10056 --- [restartedMain] o.apache.catalina.core.StandardEngine    : Starting Servlet engine: [Apache Tomcat/10.1.16]
2024-06-16T10:45:14.418+05:30  INFO 10056 --- [restartedMain] o.a.c.c.C.[Tomcat].[localhost].[/]       : Initializing Spring embedded WebApplicationContext
2024-06-16T10:45:14.418+05:30  INFO 10056 --- [restartedMain] w.s.c.ServletWebServerApplicationContext : Root WebApplicationContext: initialization completed in 1494 ms
2024-06-16T10:45:14.586+05:30  INFO 10056 --- [restartedMain] o.hibernate.jpa.internal.util.LogHelper  : HHH000204: Processing PersistenceUnitInfo [name: default]
2024-06-16T10:45:14.644+05:30  INFO 10056 --- [restartedMain] org.hibernate.Version                    : HHH000412: Hibernate ORM core version 6.3.1.Final
2024-06-16T10:45:14.682+05:30  INFO 10056 --- [restartedMain] o.h.c.internal.RegionFactoryInitiator    : HHH000026: Second-level cache disabled
2024-06-16T10:45:14.950+05:30  INFO 10056 --- [restartedMain] o.s.o.j.p.SpringPersistenceUnitInfo      : No LoadTimeWeaver setup: ignoring JPA class transformer
2024-06-16T10:45:14.981+05:30  INFO 10056 --- [restartedMain] com.zaxxer.hikari.HikariDataSource       : HikariPool-1 - Starting...
2024-06-16T10:45:15.425+05:30  INFO 10056 --- [restartedMain] com.zaxxer.hikari.pool.HikariPool        : HikariPool-1 - Added connection com.mysql.cj.jdbc.ConnectionImpl@4103b7d2
2024-06-16T10:45:15.428+05:30  INFO 10056 --- [restartedMain] com.zaxxer.hikari.HikariDataSource       : HikariPool-1 - Start completed.
2024-06-16T10:45:15.489+05:30  WARN 10056 --- [restartedMain] org.hibernate.orm.deprecation            : HHH90000025: MySQLDialect does not need to be specified explicitly using 'hibernate.dialect' (remove the property setting and it will be selected by default)
2024-06-16T10:45:16.441+05:30  INFO 10056 --- [restartedMain] o.h.e.t.j.p.i.JtaPlatformInitiator       : HHH000489: No JTA platform available (set 'hibernate.transaction.jta.platform' to enable JTA platform integration)
2024-06-16T10:45:16.510+05:30  INFO 10056 --- [restartedMain] j.LocalContainerEntityManagerFactoryBean : Initialized JPA EntityManagerFactory for persistence unit 'default'
2024-06-16T10:45:16.930+05:30  WARN 10056 --- [restartedMain] JpaBaseConfiguration$JpaWebConfiguration : spring.jpa.open-in-view is enabled by default. Therefore, database queries may be performed during view rendering. Explicitly configure spring.jpa.open-in-view to disable this warning
2024-06-16T10:45:17.053+05:30 DEBUG 10056 --- [restartedMain] s.w.s.m.m.a.RequestMappingHandlerMapping : 7 mappings in 'requestMappingHandlerMapping'
2024-06-16T10:45:17.143+05:30 DEBUG 10056 --- [restartedMain] o.s.w.s.handler.SimpleUrlHandlerMapping  : Patterns [/webjars/**, /**] in 'resourceHandlerMapping'
2024-06-16T10:45:17.190+05:30 DEBUG 10056 --- [restartedMain] s.w.s.m.m.a.RequestMappingHandlerAdapter : ControllerAdvice beans: 0 @ModelAttribute, 0 @InitBinder, 1 RequestBodyAdvice, 1 ResponseBodyAdvice
2024-06-16T10:45:17.247+05:30 DEBUG 10056 --- [restartedMain] .m.m.a.ExceptionHandlerExceptionResolver : ControllerAdvice beans: 0 @ExceptionHandler, 1 ResponseBodyAdvice
2024-06-16T10:45:17.303+05:30  WARN 10056 --- [restartedMain] ion$DefaultTemplateResolverConfiguration : Cannot find template location: classpath:/templates/ (please add some templates, check your Thymeleaf configuration, or set spring.thymeleaf.check-template-location=false)
2024-06-16T10:45:17.454+05:30  INFO 10056 --- [restartedMain] o.s.b.d.a.OptionalLiveReloadServer       : LiveReload server is running on port 35729
2024-06-16T10:45:17.515+05:30  INFO 10056 --- [restartedMain] o.s.b.w.embedded.tomcat.TomcatWebServer  : Tomcat started on port 8081 (http) with context path ''
2024-06-16T10:45:17.530+05:30  INFO 10056 --- [restartedMain] com.org.SpringBootNikhilApplication      : Started SpringBootNikhilApplication in 5.104 seconds (process running for 5.996)
2024-06-16T10:53:38.108+05:30  INFO 10056 --- [http-nio-8081-exec-1] o.a.c.c.C.[Tomcat].[localhost].[/]       : Initializing Spring DispatcherServlet 'dispatcherServlet'
2024-06-16T10:53:38.109+05:30  INFO 10056 --- [http-nio-8081-exec-1] o.s.web.servlet.DispatcherServlet        : Initializing Servlet 'dispatcherServlet'
2024-06-16T10:53:38.109+05:30 DEBUG 10056 --- [http-nio-8081-exec-1] o.s.web.servlet.DispatcherServlet        : Detected StandardServletMultipartResolver
2024-06-16T10:53:38.110+05:30 DEBUG 10056 --- [http-nio-8081-exec-1] o.s.web.servlet.DispatcherServlet        : Detected AcceptHeaderLocaleResolver
2024-06-16T10:53:38.110+05:30 DEBUG 10056 --- [http-nio-8081-exec-1] o.s.web.servlet.DispatcherServlet        : Detected FixedThemeResolver
2024-06-16T10:53:38.111+05:30 DEBUG 10056 --- [http-nio-8081-exec-1] o.s.web.servlet.DispatcherServlet        : Detected org.springframework.web.servlet.view.DefaultRequestToViewNameTranslator@78181883
2024-06-16T10:53:38.112+05:30 DEBUG 10056 --- [http-nio-8081-exec-1] o.s.web.servlet.DispatcherServlet        : Detected org.springframework.web.servlet.support.SessionFlashMapManager@5a33f66b
2024-06-16T10:53:38.112+05:30 DEBUG 10056 --- [http-nio-8081-exec-1] o.s.web.servlet.DispatcherServlet        : enableLoggingRequestDetails='false': request parameters and headers will be masked to prevent unsafe logging of potentially sensitive data
2024-06-16T10:53:38.112+05:30  INFO 10056 --- [http-nio-8081-exec-1] o.s.web.servlet.DispatcherServlet        : Completed initialization in 3 ms
2024-06-16T10:53:38.120+05:30 DEBUG 10056 --- [http-nio-8081-exec-1] o.s.web.servlet.DispatcherServlet        : GET "/students", parameters={}
2024-06-16T10:53:38.135+05:30 DEBUG 10056 --- [http-nio-8081-exec-1] s.w.s.m.m.a.RequestMappingHandlerMapping : Mapped to com.org.controller.MyController#getAllStudent()
2024-06-16T10:53:38.152+05:30  INFO 10056 --- [http-nio-8081-exec-1] com.org.controller.MyController          : Fetching All Students
2024-06-16T10:53:38.414+05:30 DEBUG 10056 --- [http-nio-8081-exec-1] m.m.a.RequestResponseBodyMethodProcessor : Using 'application/json', given [*/*] and supported [application/json, application/*+json]
2024-06-16T10:53:38.416+05:30 DEBUG 10056 --- [http-nio-8081-exec-1] m.m.a.RequestResponseBodyMethodProcessor : Writing [[Student [id=1, name=Nikhil Shinde, city=Sangli], Student [id=2, name=Anil Shinde, city=Sangli], Stu (truncated)...]
2024-06-16T10:53:38.488+05:30 DEBUG 10056 --- [http-nio-8081-exec-1] o.s.web.servlet.DispatcherServlet        : Completed 200 OK
2024-06-16T10:54:07.359+05:30 DEBUG 10056 --- [http-nio-8081-exec-3] o.s.web.servlet.DispatcherServlet        : GET "/students/1", parameters={}
2024-06-16T10:54:07.360+05:30 DEBUG 10056 --- [http-nio-8081-exec-3] s.w.s.m.m.a.RequestMappingHandlerMapping : Mapped to com.org.controller.MyController#getStudent(String)
2024-06-16T10:54:07.374+05:30  INFO 10056 --- [http-nio-8081-exec-3] com.org.controller.MyController          : Fetching student with ID 1
2024-06-16T10:54:07.391+05:30 DEBUG 10056 --- [http-nio-8081-exec-3] m.m.a.RequestResponseBodyMethodProcessor : Using 'application/json', given [*/*] and supported [application/json, application/*+json]
2024-06-16T10:54:07.391+05:30 DEBUG 10056 --- [http-nio-8081-exec-3] m.m.a.RequestResponseBodyMethodProcessor : Writing [Student [id=1, name=Nikhil Shinde, city=Sangli]]
2024-06-16T10:54:07.392+05:30 DEBUG 10056 --- [http-nio-8081-exec-3] o.s.web.servlet.DispatcherServlet        : Completed 200 OK
2024-06-16T10:54:46.534+05:30  INFO 10056 --- [RMI TCP Connection(12)-127.0.0.1] inMXBeanRegistrar$SpringApplicationAdmin : Application shutdown requested.
2024-06-16T10:54:46.554+05:30  INFO 10056 --- [RMI TCP Connection(12)-127.0.0.1] j.LocalContainerEntityManagerFactoryBean : Closing JPA EntityManagerFactory for persistence unit 'default'
2024-06-16T10:54:46.557+05:30  INFO 10056 --- [RMI TCP Connection(12)-127.0.0.1] com.zaxxer.hikari.HikariDataSource       : HikariPool-1 - Shutdown initiated...
2024-06-16T10:54:46.566+05:30  INFO 10056 --- [RMI TCP Connection(12)-127.0.0.1] com.zaxxer.hikari.HikariDataSource       : HikariPool-1 - Shutdown completed.
2024-06-16T13:02:17.787+05:30  INFO 13572 --- [main] com.org.controller.MyControllerTest      : Starting MyControllerTest using Java 17.0.2 with PID 13572 (started by Anil in E:\SpringBootApp\SpringBootNikhil)
2024-06-16T13:02:17.789+05:30  INFO 13572 --- [main] com.org.controller.MyControllerTest      : No active profile set, falling back to 1 default profile: "default"
2024-06-16T13:02:17.878+05:30 DEBUG 13572 --- [main] o.s.w.c.s.GenericWebApplicationContext   : Refreshing org.springframework.web.context.support.GenericWebApplicationContext@76adb233
2024-06-16T13:02:19.311+05:30  INFO 13572 --- [main] .s.d.r.c.RepositoryConfigurationDelegate : Bootstrapping Spring Data JPA repositories in DEFAULT mode.
2024-06-16T13:02:19.485+05:30  INFO 13572 --- [main] .s.d.r.c.RepositoryConfigurationDelegate : Finished Spring Data repository scanning in 129 ms. Found 1 JPA repository interface.
2024-06-16T13:02:20.436+05:30  INFO 13572 --- [main] o.hibernate.jpa.internal.util.LogHelper  : HHH000204: Processing PersistenceUnitInfo [name: default]
2024-06-16T13:02:20.581+05:30  INFO 13572 --- [main] org.hibernate.Version                    : HHH000412: Hibernate ORM core version 6.3.1.Final
2024-06-16T13:02:20.660+05:30  INFO 13572 --- [main] o.h.c.internal.RegionFactoryInitiator    : HHH000026: Second-level cache disabled
2024-06-16T13:02:21.239+05:30  INFO 13572 --- [main] o.s.o.j.p.SpringPersistenceUnitInfo      : No LoadTimeWeaver setup: ignoring JPA class transformer
2024-06-16T13:02:21.293+05:30  INFO 13572 --- [main] com.zaxxer.hikari.HikariDataSource       : HikariPool-1 - Starting...
2024-06-16T13:02:21.998+05:30  INFO 13572 --- [main] com.zaxxer.hikari.pool.HikariPool        : HikariPool-1 - Added connection com.mysql.cj.jdbc.ConnectionImpl@573a078
2024-06-16T13:02:22.002+05:30  INFO 13572 --- [main] com.zaxxer.hikari.HikariDataSource       : HikariPool-1 - Start completed.
2024-06-16T13:02:22.084+05:30  WARN 13572 --- [main] org.hibernate.orm.deprecation            : HHH90000025: MySQLDialect does not need to be specified explicitly using 'hibernate.dialect' (remove the property setting and it will be selected by default)
2024-06-16T13:02:23.553+05:30  INFO 13572 --- [main] o.h.e.t.j.p.i.JtaPlatformInitiator       : HHH000489: No JTA platform available (set 'hibernate.transaction.jta.platform' to enable JTA platform integration)
2024-06-16T13:02:23.633+05:30  INFO 13572 --- [main] j.LocalContainerEntityManagerFactoryBean : Initialized JPA EntityManagerFactory for persistence unit 'default'
2024-06-16T13:02:24.322+05:30  WARN 13572 --- [main] JpaBaseConfiguration$JpaWebConfiguration : spring.jpa.open-in-view is enabled by default. Therefore, database queries may be performed during view rendering. Explicitly configure spring.jpa.open-in-view to disable this warning
2024-06-16T13:02:24.488+05:30 DEBUG 13572 --- [main] s.w.s.m.m.a.RequestMappingHandlerMapping : 7 mappings in 'requestMappingHandlerMapping'
2024-06-16T13:02:24.686+05:30 DEBUG 13572 --- [main] o.s.w.s.handler.SimpleUrlHandlerMapping  : Patterns [/webjars/**, /**] in 'resourceHandlerMapping'
2024-06-16T13:02:24.763+05:30 DEBUG 13572 --- [main] s.w.s.m.m.a.RequestMappingHandlerAdapter : ControllerAdvice beans: 0 @ModelAttribute, 0 @InitBinder, 1 RequestBodyAdvice, 1 ResponseBodyAdvice
2024-06-16T13:02:24.817+05:30 DEBUG 13572 --- [main] .m.m.a.ExceptionHandlerExceptionResolver : ControllerAdvice beans: 0 @ExceptionHandler, 1 ResponseBodyAdvice
2024-06-16T13:02:24.868+05:30  WARN 13572 --- [main] ion$DefaultTemplateResolverConfiguration : Cannot find template location: classpath:/templates/ (please add some templates, check your Thymeleaf configuration, or set spring.thymeleaf.check-template-location=false)
2024-06-16T13:02:25.035+05:30  INFO 13572 --- [main] com.org.controller.MyControllerTest      : Started MyControllerTest in 8.134 seconds (process running for 10.86)
2024-06-16T13:02:26.422+05:30  INFO 13572 --- [main] com.org.controller.MyController          : Adding a new student: Student [id=1, name=Nikhil Shinde, city=Sangli]
2024-06-16T13:02:26.455+05:30  INFO 13572 --- [main] com.org.controller.MyController          : Deleting student with id: 1
2024-06-16T13:02:26.460+05:30  INFO 13572 --- [main] com.org.controller.MyController          : Student with id 1 deleted successfully
2024-06-16T13:02:26.778+05:30  INFO 13572 --- [main] com.org.controller.MyController          : Deleting student with id: 2
2024-06-16T13:02:26.780+05:30  WARN 13572 --- [main] com.org.controller.MyController          : Student with id 2 not found
2024-06-16T13:02:26.843+05:30  INFO 13572 --- [main] com.org.controller.MyController          : Adding a new student: Student [id=1, name=Nikhil Shinde, city=Sangli]
2024-06-16T13:02:26.863+05:30  INFO 13572 --- [main] com.org.controller.MyController          : Adding a new student: Student [id=1, name=Nikhil Shinde, city=Pune]
2024-06-16T13:02:26.864+05:30  INFO 13572 --- [main] com.org.controller.MyController          : Updating student: Student [id=1, name=Nikhil Shinde, city=Sangli]
2024-06-16T13:02:26.888+05:30  INFO 13572 --- [main] com.org.controller.MyController          : Adding a new student: Student [id=1, name=Nikhil Shinde, city=Sangli]
2024-06-16T13:02:26.890+05:30  INFO 13572 --- [main] com.org.controller.MyController          : Adding a new student: Student [id=2, name=Anil Shinde, city=Sangli]
2024-06-16T13:02:26.893+05:30  INFO 13572 --- [main] com.org.controller.MyController          : Fetching All Students
2024-06-16T13:02:26.912+05:30  INFO 13572 --- [main] com.org.controller.MyController          : Adding a new student: Student [id=1, name=Nikhil Shinde, city=Sangli]
2024-06-16T13:02:26.914+05:30  INFO 13572 --- [main] com.org.controller.MyController          : Fetching student with ID 1
2024-06-16T13:02:26.949+05:30 DEBUG 13572 --- [SpringApplicationShutdownHook] o.s.w.c.s.GenericWebApplicationContext   : Closing org.springframework.web.context.support.GenericWebApplicationContext@76adb233, started on Sun Jun 16 13:02:17 IST 2024
2024-06-16T13:02:26.979+05:30  INFO 13572 --- [SpringApplicationShutdownHook] j.LocalContainerEntityManagerFactoryBean : Closing JPA EntityManagerFactory for persistence unit 'default'
2024-06-16T13:02:26.984+05:30  INFO 13572 --- [SpringApplicationShutdownHook] com.zaxxer.hikari.HikariDataSource       : HikariPool-1 - Shutdown initiated...
2024-06-16T13:02:27.925+05:30  INFO 13572 --- [SpringApplicationShutdownHook] com.zaxxer.hikari.HikariDataSource       : HikariPool-1 - Shutdown completed.
2024-06-16T13:02:48.300+05:30  INFO 3864 --- [main] com.org.service.StudentServiceImplTest   : Starting StudentServiceImplTest using Java 17.0.2 with PID 3864 (started by Anil in E:\SpringBootApp\SpringBootNikhil)
2024-06-16T13:02:48.303+05:30  INFO 3864 --- [main] com.org.service.StudentServiceImplTest   : No active profile set, falling back to 1 default profile: "default"
2024-06-16T13:02:48.386+05:30 DEBUG 3864 --- [main] o.s.w.c.s.GenericWebApplicationContext   : Refreshing org.springframework.web.context.support.GenericWebApplicationContext@2bfeb1ef
2024-06-16T13:02:49.470+05:30  INFO 3864 --- [main] .s.d.r.c.RepositoryConfigurationDelegate : Bootstrapping Spring Data JPA repositories in DEFAULT mode.
2024-06-16T13:02:49.567+05:30  INFO 3864 --- [main] .s.d.r.c.RepositoryConfigurationDelegate : Finished Spring Data repository scanning in 81 ms. Found 1 JPA repository interface.
2024-06-16T13:02:50.345+05:30  INFO 3864 --- [main] o.hibernate.jpa.internal.util.LogHelper  : HHH000204: Processing PersistenceUnitInfo [name: default]
2024-06-16T13:02:50.434+05:30  INFO 3864 --- [main] org.hibernate.Version                    : HHH000412: Hibernate ORM core version 6.3.1.Final
2024-06-16T13:02:50.511+05:30  INFO 3864 --- [main] o.h.c.internal.RegionFactoryInitiator    : HHH000026: Second-level cache disabled
2024-06-16T13:02:50.933+05:30  INFO 3864 --- [main] o.s.o.j.p.SpringPersistenceUnitInfo      : No LoadTimeWeaver setup: ignoring JPA class transformer
2024-06-16T13:02:50.968+05:30  INFO 3864 --- [main] com.zaxxer.hikari.HikariDataSource       : HikariPool-1 - Starting...
2024-06-16T13:02:51.488+05:30  INFO 3864 --- [main] com.zaxxer.hikari.pool.HikariPool        : HikariPool-1 - Added connection com.mysql.cj.jdbc.ConnectionImpl@44aed6a4
2024-06-16T13:02:51.491+05:30  INFO 3864 --- [main] com.zaxxer.hikari.HikariDataSource       : HikariPool-1 - Start completed.
2024-06-16T13:02:51.591+05:30  WARN 3864 --- [main] org.hibernate.orm.deprecation            : HHH90000025: MySQLDialect does not need to be specified explicitly using 'hibernate.dialect' (remove the property setting and it will be selected by default)
2024-06-16T13:02:53.008+05:30  INFO 3864 --- [main] o.h.e.t.j.p.i.JtaPlatformInitiator       : HHH000489: No JTA platform available (set 'hibernate.transaction.jta.platform' to enable JTA platform integration)
2024-06-16T13:02:53.107+05:30  INFO 3864 --- [main] j.LocalContainerEntityManagerFactoryBean : Initialized JPA EntityManagerFactory for persistence unit 'default'
2024-06-16T13:02:53.761+05:30  WARN 3864 --- [main] JpaBaseConfiguration$JpaWebConfiguration : spring.jpa.open-in-view is enabled by default. Therefore, database queries may be performed during view rendering. Explicitly configure spring.jpa.open-in-view to disable this warning
2024-06-16T13:02:53.896+05:30 DEBUG 3864 --- [main] s.w.s.m.m.a.RequestMappingHandlerMapping : 7 mappings in 'requestMappingHandlerMapping'
2024-06-16T13:02:54.066+05:30 DEBUG 3864 --- [main] o.s.w.s.handler.SimpleUrlHandlerMapping  : Patterns [/webjars/**, /**] in 'resourceHandlerMapping'
2024-06-16T13:02:54.136+05:30 DEBUG 3864 --- [main] s.w.s.m.m.a.RequestMappingHandlerAdapter : ControllerAdvice beans: 0 @ModelAttribute, 0 @InitBinder, 1 RequestBodyAdvice, 1 ResponseBodyAdvice
2024-06-16T13:02:54.179+05:30 DEBUG 3864 --- [main] .m.m.a.ExceptionHandlerExceptionResolver : ControllerAdvice beans: 0 @ExceptionHandler, 1 ResponseBodyAdvice
2024-06-16T13:02:54.224+05:30  WARN 3864 --- [main] ion$DefaultTemplateResolverConfiguration : Cannot find template location: classpath:/templates/ (please add some templates, check your Thymeleaf configuration, or set spring.thymeleaf.check-template-location=false)
2024-06-16T13:02:54.409+05:30  INFO 3864 --- [main] com.org.service.StudentServiceImplTest   : Started StudentServiceImplTest in 6.696 seconds (process running for 8.679)
2024-06-16T13:02:55.809+05:30  INFO 3864 --- [main] com.org.controller.MyController          : Adding New Student..
2024-06-16T13:02:55.827+05:30  INFO 3864 --- [main] com.org.controller.MyController          : {} Student added with Id...1
2024-06-16T13:02:55.834+05:30  INFO 3864 --- [main] com.org.controller.MyController          : Deleting student with ID: 1
2024-06-16T13:02:55.835+05:30  INFO 3864 --- [main] com.org.controller.MyController          : Student with ID: 1 deleted successfully
2024-06-16T13:02:55.909+05:30  INFO 3864 --- [main] com.org.controller.MyController          : Adding New Student..
2024-06-16T13:02:55.924+05:30  INFO 3864 --- [main] com.org.controller.MyController          : {} Student added with Id...1
2024-06-16T13:02:55.925+05:30  INFO 3864 --- [main] com.org.controller.MyController          : Fetched student with ID 1
2024-06-16T13:02:55.926+05:30  INFO 3864 --- [main] com.org.controller.MyController          : Student with Id 1 Found 
2024-06-16T13:02:55.968+05:30  INFO 3864 --- [main] com.org.controller.MyController          : Adding New Student..
2024-06-16T13:02:55.969+05:30  INFO 3864 --- [main] com.org.controller.MyController          : {} Student added with Id...1
2024-06-16T13:02:55.987+05:30  INFO 3864 --- [main] com.org.controller.MyController          : Adding New Student..
2024-06-16T13:02:55.989+05:30  INFO 3864 --- [main] com.org.controller.MyController          : {} Student added with Id...1
2024-06-16T13:02:55.991+05:30  INFO 3864 --- [main] com.org.controller.MyController          : Updating student: Student [id=1, name=Nikhil Shinde, city=Pune]
2024-06-16T13:02:55.991+05:30  INFO 3864 --- [main] com.org.controller.MyController          : Student updated with ID: 1
2024-06-16T13:02:56.006+05:30  INFO 3864 --- [main] com.org.controller.MyController          : Adding New Student..
2024-06-16T13:02:56.007+05:30  INFO 3864 --- [main] com.org.controller.MyController          : {} Student added with Id...1
2024-06-16T13:02:56.009+05:30  INFO 3864 --- [main] com.org.controller.MyController          : Adding New Student..
2024-06-16T13:02:56.009+05:30  INFO 3864 --- [main] com.org.controller.MyController          : {} Student added with Id...2
2024-06-16T13:02:56.010+05:30  INFO 3864 --- [main] com.org.controller.MyController          : Fetching all Students Data 
2024-06-16T13:02:56.011+05:30  INFO 3864 --- [main] com.org.controller.MyController          : Fetched 2 students 
2024-06-16T13:02:56.046+05:30 DEBUG 3864 --- [SpringApplicationShutdownHook] o.s.w.c.s.GenericWebApplicationContext   : Closing org.springframework.web.context.support.GenericWebApplicationContext@2bfeb1ef, started on Sun Jun 16 13:02:48 IST 2024
2024-06-16T13:02:56.073+05:30  INFO 3864 --- [SpringApplicationShutdownHook] j.LocalContainerEntityManagerFactoryBean : Closing JPA EntityManagerFactory for persistence unit 'default'
2024-06-16T13:02:56.078+05:30  INFO 3864 --- [SpringApplicationShutdownHook] com.zaxxer.hikari.HikariDataSource       : HikariPool-1 - Shutdown initiated...
2024-06-16T13:02:56.110+05:30  INFO 3864 --- [SpringApplicationShutdownHook] com.zaxxer.hikari.HikariDataSource       : HikariPool-1 - Shutdown completed.
